2016-10-05 10:15:20,743 INFO  [org.eclim.eclipse.EclimDaemon] Workspace: /home/gil/Documents/Insper/2016.2/TecWeb/dbtest
2016-10-05 10:15:20,744 INFO  [org.eclim.eclipse.EclimDaemon] Home: /usr/lib/eclipse/plugins/org.eclim_2.6.0/
2016-10-05 10:15:20,744 INFO  [org.eclim.eclipse.EclimDaemon] Starting eclim...
2016-10-05 10:15:20,752 INFO  [org.eclim.eclipse.EclimDaemon] Loading plugin org.eclim
2016-10-05 10:15:20,755 INFO  [org.eclim.eclipse.EclimDaemon] Loading plugin org.eclim.core
2016-10-05 10:15:20,951 INFO  [org.eclim.plugin.core.CorePlugin] Loading eclim plugins...
2016-10-05 10:15:20,972 INFO  [org.eclim.plugin.core.CorePlugin] Loading plugin org.eclim.wst
2016-10-05 10:15:20,975 INFO  [org.eclim.plugin.core.CorePlugin] Loading plugin org.eclim.jdt
2016-10-05 10:15:20,983 INFO  [org.eclim.plugin.core.CorePlugin] Plugins loaded.
2016-10-05 10:15:20,985 INFO  [org.eclim.eclipse.EclimDaemon] Loaded plugin org.eclim.core
2016-10-05 10:15:20,988 INFO  [org.eclim.eclipse.EclimDaemon] Waiting on running jobs before starting eclimd...
2016-10-05 10:15:22,990 INFO  [org.eclim.eclipse.EclimDaemon] Jobs finished.
2016-10-05 10:15:22,990 INFO  [org.eclim.eclipse.EclimDaemon] Eclim Server Started on: 127.0.0.1:9091
2016-10-05 10:16:03,429 INFO  [org.eclim.plugin.core.CorePlugin] Stopping plugin org.eclim.wst
2016-10-05 10:16:03,429 INFO  [org.eclim.plugin.core.CorePlugin] Stopping plugin org.eclim.jdt
2016-10-05 10:16:13,899 INFO  [org.eclim.eclipse.EclimDaemon] Shutting down eclim...
2016-10-05 10:16:13,911 ERROR [org.eclim.eclipse.EclimApplication] Error during shutdown.
java.lang.NullPointerException
	at org.eclipse.core.runtime.FileLocator.getBundleFile(FileLocator.java:244)
	at org.eclim.eclipse.EclimDaemon.getHome(EclimDaemon.java:355)
	at org.eclim.eclipse.EclimDaemon.unregisterInstance(EclimDaemon.java:279)
	at org.eclim.eclipse.EclimDaemon.stop(EclimDaemon.java:191)
	at org.eclim.eclipse.EclimApplication.shutdown(EclimApplication.java:142)
	at org.eclim.eclipse.EclimApplication$1.run(EclimApplication.java:102)
